This file contains any messages produced by compilers while
running configure, to aid debugging if configure makes a mistake.

It was created by configure, which was
generated by GNU Autoconf 2.59.  Invocation command line was

  $ ./configure 

## --------- ##
## Platform. ##
## --------- ##

hostname = nf02
uname -m = x86_64
uname -r = 2.6.18-164.el5
uname -s = Linux
uname -v = #1 SMP Thu Sep 3 03:28:30 EDT 2009

/usr/bin/uname -p = unknown
/bin/uname -X     = unknown

/bin/arch              = x86_64
/usr/bin/arch -k       = unknown
/usr/convex/getsysinfo = unknown
hostinfo               = unknown
/bin/machine           = unknown
/usr/bin/oslevel       = unknown
/bin/universe          = unknown

PATH: /opt/medusa_labs/test_tools/bin
PATH: /opt/mono/bin
PATH: /usr/local/sbin
PATH: /usr/local/bin
PATH: /usr/sbin
PATH: /usr/bin
PATH: /sbin
PATH: /bin
PATH: /opt/tools/share/mpich2/bin
PATH: /opt/tools/share/mpich2/sbin
PATH: /opt/tools/share/torque/bin
PATH: /opt/tools/share/torque/sbin
PATH: .
PATH: /root/bin
PATH: /opt/tools/share/mpich2/bin


## ----------- ##
## Core tests. ##
## ----------- ##

configure:1509: checking for egrep
configure:1519: result: grep -E
configure:1524: checking for a sed that does not truncate output
configure:1580: result: /bin/sed
configure:1710: checking for cc
configure:1726: found /usr/bin/cc
configure:1736: result: cc
configure:1757: checking for C compiler version
configure:1760: cc --version </dev/null >&5
cc (GCC) 4.1.2 20080704 (Red Hat 4.1.2-46)
Copyright (C) 2006 Free Software Foundation, Inc.
This is free software; see the source for copying conditions.  There is NO
warranty; not even for MERCHANTABILITY or FITNESS FOR A PARTICULAR PURPOSE.

configure:1763: $? = 0
configure:1765: cc -v </dev/null >&5
Using built-in specs.
Target: x86_64-redhat-linux
Configured with: ../configure --prefix=/usr --mandir=/usr/share/man --infodir=/usr/share/info --enable-shared --enable-threads=posix --enable-checking=release --with-system-zlib --enable-__cxa_atexit --disable-libunwind-exceptions --enable-libgcj-multifile --enable-languages=c,c++,objc,obj-c++,java,fortran,ada --enable-java-awt=gtk --disable-dssi --enable-plugin --with-java-home=/usr/lib/jvm/java-1.4.2-gcj-1.4.2.0/jre --with-cpu=generic --host=x86_64-redhat-linux
Thread model: posix
gcc version 4.1.2 20080704 (Red Hat 4.1.2-46)
configure:1768: $? = 0
configure:1770: cc -V </dev/null >&5
cc: '-V' option must have argument
configure:1773: $? = 1
configure:1796: checking for C compiler default output file name
configure:1799: cc    conftest.c  >&5
configure:1802: $? = 0
configure:1848: result: a.out
configure:1853: checking whether the C compiler works
configure:1859: ./a.out
configure:1862: $? = 0
configure:1879: result: yes
configure:1886: checking whether we are cross compiling
configure:1888: result: no
configure:1891: checking for suffix of executables
configure:1893: cc -o conftest    conftest.c  >&5
configure:1896: $? = 0
configure:1921: result: 
configure:1927: checking for suffix of object files
configure:1948: cc -c   conftest.c >&5
configure:1951: $? = 0
configure:1973: result: o
configure:1977: checking whether we are using the GNU C compiler
configure:2001: cc -c   conftest.c >&5
configure:2007: $? = 0
configure:2011: test -z 
			 || test ! -s conftest.err
configure:2014: $? = 0
configure:2017: test -s conftest.o
configure:2020: $? = 0
configure:2033: result: yes
configure:2039: checking whether cc accepts -g
configure:2060: cc -c -g  conftest.c >&5
configure:2066: $? = 0
configure:2070: test -z 
			 || test ! -s conftest.err
configure:2073: $? = 0
configure:2076: test -s conftest.o
configure:2079: $? = 0
configure:2090: result: yes
configure:2107: checking for cc option to accept ANSI C
configure:2177: cc  -c -g -O2  conftest.c >&5
configure:2183: $? = 0
configure:2187: test -z 
			 || test ! -s conftest.err
configure:2190: $? = 0
configure:2193: test -s conftest.o
configure:2196: $? = 0
configure:2214: result: none needed
configure:2232: cc -c -g -O2  conftest.c >&5
conftest.c:2: error: expected '=', ',', ';', 'asm' or '__attribute__' before 'me'
configure:2238: $? = 1
configure: failed program was:
| #ifndef __cplusplus
|   choke me
| #endif
configure:2377: checking how to run the C preprocessor
configure:2412: cc -E  conftest.c
configure:2418: $? = 0
configure:2450: cc -E  conftest.c
conftest.c:9:28: error: ac_nonexistent.h: No such file or directory
configure:2456: $? = 1
configure: failed program was:
| /* confdefs.h.  */
| 
| #define PACKAGE_NAME ""
| #define PACKAGE_TARNAME ""
| #define PACKAGE_VERSION ""
| #define PACKAGE_STRING ""
| #define PACKAGE_BUGREPORT ""
| /* end confdefs.h.  */
| #include <ac_nonexistent.h>
configure:2495: result: cc -E
configure:2519: cc -E  conftest.c
configure:2525: $? = 0
configure:2557: cc -E  conftest.c
conftest.c:9:28: error: ac_nonexistent.h: No such file or directory
configure:2563: $? = 1
configure: failed program was:
| /* confdefs.h.  */
| 
| #define PACKAGE_NAME ""
| #define PACKAGE_TARNAME ""
| #define PACKAGE_VERSION ""
| #define PACKAGE_STRING ""
| #define PACKAGE_BUGREPORT ""
| /* end confdefs.h.  */
| #include <ac_nonexistent.h>
configure:2609: checking for icc
configure:2622: result: no
configure:2636: checking for suncc
configure:2649: result: no
configure:2667: checking whether cc understands -c and -o together
configure:2694: cc -c conftest.c -o conftest.o >&5
configure:2697: $? = 0
configure:2699: cc -c conftest.c -o conftest.o >&5
configure:2702: $? = 0
configure:2741: result: yes
configure:2757: checking for system library directory
configure:2775: result: lib
configure:2782: checking if compiler supports -R
configure:2806: cc -o conftest -g -O2   conftest.c -R /usr/lib  >&5
cc: unrecognized option '-R'
/usr/lib: file not recognized: Is a directory
collect2: ld returned 1 exit status
configure:2812: $? = 1
configure: failed program was:
| /* confdefs.h.  */
| 
| #define PACKAGE_NAME ""
| #define PACKAGE_TARNAME ""
| #define PACKAGE_VERSION ""
| #define PACKAGE_STRING ""
| #define PACKAGE_BUGREPORT ""
| /* end confdefs.h.  */
| 
| int
| main ()
| {
| 
|   ;
|   return 0;
| }
configure:2839: result: no
configure:2844: checking if compiler supports -Wl,-rpath,
configure:2868: cc -o conftest -g -O2   conftest.c -Wl,-rpath,/usr/lib  >&5
configure:2874: $? = 0
configure:2878: test -z 
			 || test ! -s conftest.err
configure:2881: $? = 0
configure:2884: test -s conftest
configure:2887: $? = 0
configure:2901: result: yes
configure:2944: checking build system type
configure:2962: result: x86_64-redhat-linux-gnu
configure:2970: checking host system type
configure:2984: result: x86_64-redhat-linux-gnu
configure:2992: checking target system type
configure:3006: result: x86_64-redhat-linux-gnu
configure:3104: checking for PHP prefix
configure:3106: result: /usr
configure:3108: checking for PHP includes
configure:3110: result: -I/usr/include/php -I/usr/include/php/main -I/usr/include/php/TSRM -I/usr/include/php/Zend -I/usr/include/php/ext -I/usr/include/php/ext/date/lib
configure:3112: checking for PHP extension directory
configure:3114: result: /usr/lib64/php/modules
configure:3116: checking for PHP installed headers prefix
configure:3118: result: /usr/include/php
configure:3121: checking if debug is enabled
configure:3151: result: no
configure:3154: checking if zts is enabled
configure:3184: result: no
configure:3266: checking for re2c
configure:3295: result: no
configure:3319: WARNING: You will need re2c 0.13.4 or later if you want to regenerate PHP parsers.
configure:3333: checking for gawk
configure:3350: found /usr/bin/gawk
configure:3360: result: gawk
configure:3404: checking whether apc needs to get compiler flags from apxs
configure:3470: result: no
configure:3478: checking whether to enable APC support
configure:3520: result: yes, shared
configure:3526: checking Checking whether we should use mmap
configure:3539: result: yes
configure:3544: checking Checking whether we should use semaphore locking instead of fcntl
configure:3557: result: no
configure:3562: checking Checking whether we should use futex locking
configure:3575: result: no
configure:3967: checking Checking whether we should use pthread mutex locking
configure:3980: result: no
configure:4079: checking Checking whether we should use spin locks
configure:4092: result: no
configure:4124: checking for union semun
configure:4150: cc -c -g -O2  conftest.c >&5
conftest.c: In function 'main':
conftest.c:18: error: storage size of 'x' isn't known
configure:4156: $? = 1
configure: failed program was:
| /* confdefs.h.  */
| 
| #define PACKAGE_NAME ""
| #define PACKAGE_TARNAME ""
| #define PACKAGE_VERSION ""
| #define PACKAGE_STRING ""
| #define PACKAGE_BUGREPORT ""
| #define APC_MMAP 1
| /* end confdefs.h.  */
| 
| #include <sys/types.h>
| #include <sys/ipc.h>
| #include <sys/sem.h>
| 
| int
| main ()
| {
| union semun x;
|   ;
|   return 0;
| }
configure:4185: result: no
configure:4314: checking for shm_open in -lrt
configure:4344: cc -o conftest -g -O2   conftest.c -lrt   >&5
configure:4350: $? = 0
configure:4354: test -z 
			 || test ! -s conftest.err
configure:4357: $? = 0
configure:4360: test -s conftest
configure:4363: $? = 0
configure:4376: result: yes
configure:4815: checking for ld used by cc
configure:4882: result: /usr/bin/ld
configure:4891: checking if the linker (/usr/bin/ld) is GNU ld
configure:4906: result: yes
configure:4911: checking for /usr/bin/ld option to reload object files
configure:4918: result: -r
configure:4936: checking for BSD-compatible nm
configure:4985: result: /usr/bin/nm -B
configure:4989: checking whether ln -s works
configure:4993: result: yes
configure:5000: checking how to recognise dependent libraries
configure:5176: result: pass_all
configure:5263: cc -c -g -O2  conftest.c >&5
configure:5266: $? = 0
configure:5421: checking dlfcn.h usability
configure:5433: cc -c -g -O2  conftest.c >&5
configure:5439: $? = 0
configure:5443: test -z 
			 || test ! -s conftest.err
configure:5446: $? = 0
configure:5449: test -s conftest.o
configure:5452: $? = 0
configure:5462: result: yes
configure:5466: checking dlfcn.h presence
configure:5476: cc -E  conftest.c
configure:5482: $? = 0
configure:5502: result: yes
configure:5537: checking for dlfcn.h
configure:5544: result: yes
configure:5618: checking for g77
configure:5634: found /usr/bin/g77
configure:5644: result: g77
configure:5659: checking for Fortran 77 compiler version
configure:5662: g77 --version </dev/null >&5
GNU Fortran (GCC) 3.4.6 20060404 (Red Hat 3.4.6-4)
Copyright (C) 2006 Free Software Foundation, Inc.

GNU Fortran comes with NO WARRANTY, to the extent permitted by law.
You may redistribute copies of GNU Fortran
under the terms of the GNU General Public License.
For more information about these matters, see the file named COPYING
or type the command `info -f g77 Copying'.
configure:5665: $? = 0
configure:5667: g77 -v </dev/null >&5
Reading specs from /usr/lib/gcc/x86_64-redhat-linux/3.4.6/specs
Configured with: ../configure --prefix=/usr --mandir=/usr/share/man --infodir=/usr/share/info --enable-shared --enable-threads=posix --disable-checking --with-system-zlib --enable-__cxa_atexit --disable-libunwind-exceptions --enable-languages=c,c++,f77 --disable-libgcj --host=x86_64-redhat-linux
Thread model: posix
gcc version 3.4.6 20060404 (Red Hat 3.4.6-4)
configure:5670: $? = 0
configure:5672: g77 -V </dev/null >&5
g77: `-V' option must have argument
configure:5675: $? = 1
configure:5683: checking whether we are using the GNU Fortran 77 compiler
configure:5697: g77 -c  conftest.F >&5
configure:5703: $? = 0
configure:5707: test -z 
			 || test ! -s conftest.err
configure:5710: $? = 0
configure:5713: test -s conftest.o
configure:5716: $? = 0
configure:5729: result: yes
configure:5735: checking whether g77 accepts -g
configure:5747: g77 -c -g conftest.f >&5
configure:5753: $? = 0
configure:5757: test -z 
			 || test ! -s conftest.err
configure:5760: $? = 0
configure:5763: test -s conftest.o
configure:5766: $? = 0
configure:5778: result: yes
configure:5808: checking the maximum length of command line arguments
configure:5917: result: 32768
configure:5928: checking command to parse /usr/bin/nm -B output from cc object
configure:6033: cc -c -g -O2  conftest.c >&5
configure:6036: $? = 0
configure:6040: /usr/bin/nm -B conftest.o \| sed -n -e 's/^.*[ 	]\([ABCDGIRSTW][ABCDGIRSTW]*\)[ 	][ 	]*\([_A-Za-z][_A-Za-z0-9]*\)$/\1 \2 \2/p' \> conftest.nm
configure:6043: $? = 0
configure:6095: cc -o conftest -g -O2   conftest.c conftstm.o >&5
configure:6098: $? = 0
configure:6136: result: ok
configure:6140: checking for objdir
configure:6155: result: .libs
configure:6245: checking for ar
configure:6261: found /usr/bin/ar
configure:6272: result: ar
configure:6325: checking for ranlib
configure:6341: found /usr/bin/ranlib
configure:6352: result: ranlib
configure:6405: checking for strip
configure:6421: found /usr/bin/strip
configure:6432: result: strip
configure:6708: checking if cc supports -fno-rtti -fno-exceptions
configure:6726: cc -c -g -O2  -fno-rtti -fno-exceptions conftest.c >&5
cc1: warning: command line option "-fno-rtti" is valid for C++/ObjC++ but not for C
configure:6730: $? = 0
configure:6743: result: no
configure:6758: checking for cc option to produce PIC
configure:6968: result: -fPIC
configure:6976: checking if cc PIC flag -fPIC works
configure:6994: cc -c -g -O2  -fPIC -DPIC conftest.c >&5
configure:6998: $? = 0
configure:7011: result: yes
configure:7039: checking if cc static flag -static works
configure:7067: result: yes
configure:7077: checking if cc supports -c -o file.o
configure:7098: cc -c -g -O2  -o out/conftest2.o conftest.c >&5
configure:7102: $? = 0
configure:7124: result: yes
configure:7150: checking whether the cc linker (/usr/bin/ld -m elf_x86_64) supports shared libraries
configure:8108: result: yes
configure:8129: checking whether -lc should be explicitly linked in
configure:8134: cc -c -g -O2  conftest.c >&5
configure:8137: $? = 0
configure:8152: cc -shared conftest.o  -v -Wl,-soname -Wl,conftest -o conftest 2\>\&1 \| grep  -lc  \>/dev/null 2\>\&1
configure:8155: $? = 0
configure:8167: result: no
configure:8175: checking dynamic linker characteristics
configure:8568: cc -c -g -O2  conftest.c >&5
configure:8571: $? = 0
configure:8784: result: GNU/Linux ld.so
configure:8793: checking how to hardcode library paths into programs
configure:8818: result: immediate
configure:8832: checking whether stripping libraries is possible
configure:8837: result: yes
configure:9671: checking if libtool supports shared libraries
configure:9673: result: yes
configure:9676: checking whether to build shared libraries
configure:9697: result: yes
configure:9700: checking whether to build static libraries
configure:9704: result: no
configure:9796: creating libtool
configure:13331: checking if libtool supports shared libraries
configure:13333: result: yes
configure:13336: checking whether to build shared libraries
configure:13356: result: yes
configure:13359: checking whether to build static libraries
configure:13363: result: no
configure:13373: checking for g77 option to produce PIC
configure:13583: result: -fPIC
configure:13591: checking if g77 PIC flag -fPIC works
configure:13609: g77 -c -g -O2 -fPIC conftest.f >&5
configure:13613: $? = 0
configure:13626: result: yes
configure:13654: checking if g77 static flag -static works
configure:13682: result: yes
configure:13692: checking if g77 supports -c -o file.o
configure:13713: g77 -c -g -O2 -o out/conftest2.o conftest.f >&5
configure:13717: $? = 0
configure:13739: result: yes
configure:13765: checking whether the g77 linker (/usr/bin/ld -m elf_x86_64) supports shared libraries
configure:14703: result: yes
configure:14770: checking dynamic linker characteristics
configure:15163: g77 -c -g -O2 conftest.f >&5
configure:15166: $? = 0
configure:15379: result: GNU/Linux ld.so
configure:15388: checking how to hardcode library paths into programs
configure:15413: result: immediate
configure:19230: creating ./config.status

## ---------------------- ##
## Running config.status. ##
## ---------------------- ##

This file was extended by config.status, which was
generated by GNU Autoconf 2.59.  Invocation command line was

  CONFIG_FILES    = 
  CONFIG_HEADERS  = 
  CONFIG_LINKS    = 
  CONFIG_COMMANDS = 
  $ ./config.status 

on nf02

config.status:454: creating config.h

## ---------------- ##
## Cache variables. ##
## ---------------- ##

ac_cv_build=x86_64-redhat-linux-gnu
ac_cv_build_alias=x86_64-redhat-linux-gnu
ac_cv_c_compiler_gnu=yes
ac_cv_env_CC_set=
ac_cv_env_CC_value=
ac_cv_env_CFLAGS_set=
ac_cv_env_CFLAGS_value=
ac_cv_env_CPPFLAGS_set=
ac_cv_env_CPPFLAGS_value=
ac_cv_env_CPP_set=
ac_cv_env_CPP_value=
ac_cv_env_F77_set=
ac_cv_env_F77_value=
ac_cv_env_FFLAGS_set=
ac_cv_env_FFLAGS_value=
ac_cv_env_LDFLAGS_set=
ac_cv_env_LDFLAGS_value=
ac_cv_env_build_alias_set=
ac_cv_env_build_alias_value=
ac_cv_env_host_alias_set=
ac_cv_env_host_alias_value=
ac_cv_env_target_alias_set=
ac_cv_env_target_alias_value=
ac_cv_exeext=
ac_cv_f77_compiler_gnu=yes
ac_cv_header_dlfcn_h=yes
ac_cv_host=x86_64-redhat-linux-gnu
ac_cv_host_alias=x86_64-redhat-linux-gnu
ac_cv_lib_rt_shm_open=yes
ac_cv_objext=o
ac_cv_prog_AWK=gawk
ac_cv_prog_CPP='cc -E'
ac_cv_prog_ac_ct_AR=ar
ac_cv_prog_ac_ct_CC=cc
ac_cv_prog_ac_ct_F77=g77
ac_cv_prog_ac_ct_RANLIB=ranlib
ac_cv_prog_ac_ct_STRIP=strip
ac_cv_prog_cc_cc_c_o=yes
ac_cv_prog_cc_g=yes
ac_cv_prog_cc_stdc=
ac_cv_prog_egrep='grep -E'
ac_cv_prog_f77_g=yes
ac_cv_target=x86_64-redhat-linux-gnu
ac_cv_target_alias=x86_64-redhat-linux-gnu
lt_cv_deplibs_check_method=pass_all
lt_cv_file_magic_cmd='$MAGIC_CMD'
lt_cv_file_magic_test_file=
lt_cv_ld_reload_flag=-r
lt_cv_objdir=.libs
lt_cv_path_LD=/usr/bin/ld
lt_cv_path_NM='/usr/bin/nm -B'
lt_cv_path_SED=/bin/sed
lt_cv_prog_compiler_c_o=yes
lt_cv_prog_compiler_c_o_F77=yes
lt_cv_prog_compiler_rtti_exceptions=no
lt_cv_prog_gnu_ld=yes
lt_cv_sys_global_symbol_pipe='sed -n -e '\''s/^.*[ 	]\([ABCDGIRSTW][ABCDGIRSTW]*\)[ 	][ 	]*\([_A-Za-z][_A-Za-z0-9]*\)$/\1 \2 \2/p'\'''
lt_cv_sys_global_symbol_to_c_name_address='sed -n -e '\''s/^: \([^ ]*\) $/  {\"\1\", (lt_ptr) 0},/p'\'' -e '\''s/^[BCDEGRST] \([^ ]*\) \([^ ]*\)$/  {"\2", (lt_ptr) \&\2},/p'\'''
lt_cv_sys_global_symbol_to_cdecl='sed -n -e '\''s/^. .* \(.*\)$/extern int \1;/p'\'''
lt_cv_sys_max_cmd_len=32768
lt_lt_cv_prog_compiler_c_o='"yes"'
lt_lt_cv_prog_compiler_c_o_F77='"yes"'
lt_lt_cv_sys_global_symbol_pipe='"sed -n -e '\''s/^.*[ 	]\\([ABCDGIRSTW][ABCDGIRSTW]*\\)[ 	][ 	]*\\([_A-Za-z][_A-Za-z0-9]*\\)\$/\\1 \\2 \\2/p'\''"'
lt_lt_cv_sys_global_symbol_to_c_name_address='"sed -n -e '\''s/^: \\([^ ]*\\) \$/  {\\\"\\1\\\", (lt_ptr) 0},/p'\'' -e '\''s/^[BCDEGRST] \\([^ ]*\\) \\([^ ]*\\)\$/  {\"\\2\", (lt_ptr) \\&\\2},/p'\''"'
lt_lt_cv_sys_global_symbol_to_cdecl='"sed -n -e '\''s/^. .* \\(.*\\)\$/extern int \\1;/p'\''"'
php_cv_cc_dashr=no
php_cv_cc_rpath=yes
php_cv_semun=no

## ----------------- ##
## Output variables. ##
## ----------------- ##

AR='ar'
AWK='gawk'
CC='cc'
CFLAGS='-g -O2'
CONFIGURE_COMMAND=' './configure' '
CONFIGURE_OPTIONS=''
CPP='cc -E'
CPPFLAGS=' -DHAVE_CONFIG_H'
DEFS='-DHAVE_CONFIG_H'
ECHO='echo'
ECHO_C=''
ECHO_N='-n'
ECHO_T=''
EGREP='grep -E'
EXEEXT=''
F77='g77'
FFLAGS='-g -O2'
LDFLAGS=''
LIBOBJS=''
LIBS=''
LIBTOOL='$(SHELL) $(top_builddir)/libtool'
LN_S='ln -s'
LTLIBOBJS=''
OBJEXT='o'
PACKAGE_BUGREPORT=''
PACKAGE_NAME=''
PACKAGE_STRING=''
PACKAGE_TARNAME=''
PACKAGE_VERSION=''
PATH_SEPARATOR=':'
RANLIB='ranlib'
RE2C='exit 0;'
SED='/bin/sed'
SHELL='/bin/sh'
SHLIB_DL_SUFFIX_NAME='so'
SHLIB_SUFFIX_NAME='so'
STRIP='strip'
ac_ct_AR='ar'
ac_ct_CC='cc'
ac_ct_F77='g77'
ac_ct_RANLIB='ranlib'
ac_ct_STRIP='strip'
bindir='${exec_prefix}/bin'
build='x86_64-redhat-linux-gnu'
build_alias=''
build_cpu='x86_64'
build_os='linux-gnu'
build_vendor='redhat'
datadir='${prefix}/share'
exec_prefix='$(prefix)'
host='x86_64-redhat-linux-gnu'
host_alias='x86_64-redhat-linux-gnu'
host_cpu='x86_64'
host_os='linux-gnu'
host_vendor='redhat'
includedir='${prefix}/include'
infodir='${prefix}/info'
libdir='${exec_prefix}/lib'
libexecdir='${exec_prefix}/libexec'
localstatedir='${prefix}/var'
mandir='${prefix}/man'
oldincludedir='/usr/include'
prefix='/usr'
program_transform_name='s,x,x,'
sbindir='${exec_prefix}/sbin'
sharedstatedir='${prefix}/com'
sysconfdir='${prefix}/etc'
target='x86_64-redhat-linux-gnu'
target_alias=''
target_cpu='x86_64'
target_os='linux-gnu'
target_vendor='redhat'

## ----------- ##
## confdefs.h. ##
## ----------- ##

#define APC_MMAP 1
#define COMPILE_DL_APC 1
#define HAVE_APC 1
#define HAVE_DLFCN_H 1
#define HAVE_SEMUN 0
#define PACKAGE_BUGREPORT ""
#define PACKAGE_NAME ""
#define PACKAGE_STRING ""
#define PACKAGE_TARNAME ""
#define PACKAGE_VERSION ""

configure: exit 0
